\BOOKMARK [0][-]{chapter.1}{Introduction}{}% 1
\BOOKMARK [1][-]{section.1.1}{The Parks Location Problem}{chapter.1}% 2
\BOOKMARK [1][-]{section.1.2}{What is Operations Research?}{chapter.1}% 3
\BOOKMARK [2][-]{subsection.1.2.1}{The Soviet Political Economy}{section.1.2}% 4
\BOOKMARK [2][-]{subsection.1.2.2}{The Research of Military Operations}{section.1.2}% 5
\BOOKMARK [1][-]{section.1.3}{Community Based Operations Research}{chapter.1}% 6
\BOOKMARK [1][-]{section.1.4}{Multiobjective Optimization Problems}{chapter.1}% 7
\BOOKMARK [1][-]{section.1.5}{Road Map}{chapter.1}% 8
\BOOKMARK [0][-]{chapter.2}{A Look at the Model}{}% 9
\BOOKMARK [1][-]{section.2.1}{A Simplified Model}{chapter.2}% 10
\BOOKMARK [2][-]{subsection.2.1.1}{Setting up the Problem}{section.2.1}% 11
\BOOKMARK [2][-]{subsection.2.1.2}{Changing the Objective}{section.2.1}% 12
\BOOKMARK [1][-]{section.2.2}{A Solution Strategy}{chapter.2}% 13
\BOOKMARK [2][-]{subsection.2.2.1}{Solving in Isolation}{section.2.2}% 14
\BOOKMARK [2][-]{subsection.2.2.2}{Guess and Check}{section.2.2}% 15
\BOOKMARK [2][-]{subsection.2.2.3}{A More Complicated Example}{section.2.2}% 16
\BOOKMARK [1][-]{section.2.3}{The Real Model}{chapter.2}% 17
\BOOKMARK [2][-]{subsection.2.3.1}{Objective Functions}{section.2.3}% 18
\BOOKMARK [2][-]{subsection.2.3.2}{Constraints}{section.2.3}% 19
\BOOKMARK [0][-]{chapter.3}{Software and Functions}{}% 20
\BOOKMARK [1][-]{section.3.1}{Programming the Model}{chapter.3}% 21
